set -o pipefail; /usr/bin/mariadb-dump --user=_224dbdee242640fc --host=127.0.0.1 --port=3306 --password=********** --single-transaction --quick --lock-tables=false _224dbdee242640fc | /usr/bin/gzip >> ./dcode.com/private/backups/20241030_120002-dcode_com-database.sql.gz

Backup Summary for dcode.com at 2024-10-30 12:00:02.717392
Config  : ./dcode.com/private/backups/20241030_120002-dcode_com-site_config_backup.json 94.0B
Database: ./dcode.com/private/backups/20241030_120002-dcode_com-database.sql.gz         219.6KiB
Backup for Site dcode.com has been successfully completed
set -o pipefail; /usr/bin/mariadb-dump --user=_027480825c6a7679 --host=127.0.0.1 --port=3306 --password=********** --single-transaction --quick --lock-tables=false _027480825c6a7679 | /usr/bin/gzip >> ./library.localhost/private/backups/20241030_120002-library_localhost-database.sql.gz

Backup Summary for library.localhost at 2024-10-30 12:00:03.326987
Config  : ./library.localhost/private/backups/20241030_120002-library_localhost-site_config_backup.json 94.0B
Database: ./library.localhost/private/backups/20241030_120002-library_localhost-database.sql.gz         196.9KiB
Backup for Site library.localhost has been successfully completed
set -o pipefail; /usr/bin/mariadb-dump --user=_224dbdee242640fc --host=127.0.0.1 --port=3306 --password=********** --single-transaction --quick --lock-tables=false _224dbdee242640fc | /usr/bin/gzip >> ./dcode.com/private/backups/20241030_180002-dcode_com-database.sql.gz

Backup Summary for dcode.com at 2024-10-30 18:00:02.600178
Config  : ./dcode.com/private/backups/20241030_180002-dcode_com-site_config_backup.json 94.0B
Database: ./dcode.com/private/backups/20241030_180002-dcode_com-database.sql.gz         225.9KiB
Backup for Site dcode.com has been successfully completed
File ./library.localhost/private/backups/20241030_120002-library_localhost-database.sql.gz is recent
File ./library.localhost/private/backups/20241030_120002-library_localhost-site_config_backup.json is recent
set -o pipefail; /usr/bin/mariadb-dump --user=_027480825c6a7679 --host=127.0.0.1 --port=3306 --password=********** --single-transaction --quick --lock-tables=false _027480825c6a7679 | /usr/bin/gzip >> ./library.localhost/private/backups/20241030_180002-library_localhost-database.sql.gz

Backup Summary for library.localhost at 2024-10-30 18:00:02.791102
Config  : ./library.localhost/private/backups/20241030_180002-library_localhost-site_config_backup.json 94.0B
Database: ./library.localhost/private/backups/20241030_180002-library_localhost-database.sql.gz         233.8KiB
Backup for Site library.localhost has been successfully completed
set -o pipefail; /usr/bin/mariadb-dump --user=_224dbdee242640fc --host=127.0.0.1 --port=3306 --password=********** --single-transaction --quick --lock-tables=false _224dbdee242640fc | /usr/bin/gzip >> ./dcode.com/private/backups/20241101_120001-dcode_com-database.sql.gz

Backup Summary for dcode.com at 2024-11-01 12:00:02.458442
Config  : ./dcode.com/private/backups/20241101_120001-dcode_com-site_config_backup.json 94.0B
Database: ./dcode.com/private/backups/20241101_120001-dcode_com-database.sql.gz         230.3KiB
Backup for Site dcode.com has been successfully completed
File ./library.localhost/private/backups/20241030_120002-library_localhost-database.sql.gz is older than 24 hours
File ./library.localhost/private/backups/20241030_180002-library_localhost-site_config_backup.json is older than 24 hours
File ./library.localhost/private/backups/20241030_120002-library_localhost-site_config_backup.json is older than 24 hours
File ./library.localhost/private/backups/20241030_180002-library_localhost-database.sql.gz is older than 24 hours
set -o pipefail; /usr/bin/mariadb-dump --user=_027480825c6a7679 --host=127.0.0.1 --port=3306 --password=********** --single-transaction --quick --lock-tables=false _027480825c6a7679 | /usr/bin/gzip >> ./library.localhost/private/backups/20241101_120002-library_localhost-database.sql.gz

Backup Summary for library.localhost at 2024-11-01 12:00:02.929324
Config  : ./library.localhost/private/backups/20241101_120002-library_localhost-site_config_backup.json 94.0B
Database: ./library.localhost/private/backups/20241101_120002-library_localhost-database.sql.gz         239.7KiB
Backup for Site library.localhost has been successfully completed
set -o pipefail; /usr/bin/mariadb-dump --user=_224dbdee242640fc --host=127.0.0.1 --port=3306 --password=********** --single-transaction --quick --lock-tables=false _224dbdee242640fc | /usr/bin/gzip >> ./dcode.com/private/backups/20241104_120001-dcode_com-database.sql.gz

Backup Summary for dcode.com at 2024-11-04 12:00:02.286284
Config  : ./dcode.com/private/backups/20241104_120001-dcode_com-site_config_backup.json 94.0B
Database: ./dcode.com/private/backups/20241104_120001-dcode_com-database.sql.gz         241.8KiB
Backup for Site dcode.com has been successfully completed
File ./library.localhost/private/backups/20241101_120002-library_localhost-database.sql.gz is older than 24 hours
File ./library.localhost/private/backups/20241101_120002-library_localhost-site_config_backup.json is older than 24 hours
set -o pipefail; /usr/bin/mariadb-dump --user=_027480825c6a7679 --host=127.0.0.1 --port=3306 --password=********** --single-transaction --quick --lock-tables=false _027480825c6a7679 | /usr/bin/gzip >> ./library.localhost/private/backups/20241104_120002-library_localhost-database.sql.gz

Backup Summary for library.localhost at 2024-11-04 12:00:02.487751
Config  : ./library.localhost/private/backups/20241104_120002-library_localhost-site_config_backup.json 94.0B
Database: ./library.localhost/private/backups/20241104_120002-library_localhost-database.sql.gz         264.8KiB
Backup for Site library.localhost has been successfully completed
set -o pipefail; /usr/bin/mariadb-dump --user=_224dbdee242640fc --host=127.0.0.1 --port=3306 --password=********** --single-transaction --quick --lock-tables=false _224dbdee242640fc | /usr/bin/gzip >> ./dcode.com/private/backups/20241104_180001-dcode_com-database.sql.gz

Backup Summary for dcode.com at 2024-11-04 18:00:02.057294
Config  : ./dcode.com/private/backups/20241104_180001-dcode_com-site_config_backup.json 94.0B
Database: ./dcode.com/private/backups/20241104_180001-dcode_com-database.sql.gz         247.4KiB
Backup for Site dcode.com has been successfully completed
File ./library.localhost/private/backups/20241104_120002-library_localhost-database.sql.gz is recent
File ./library.localhost/private/backups/20241104_120002-library_localhost-site_config_backup.json is recent
set -o pipefail; /usr/bin/mariadb-dump --user=_027480825c6a7679 --host=127.0.0.1 --port=3306 --password=********** --single-transaction --quick --lock-tables=false _027480825c6a7679 | /usr/bin/gzip >> ./library.localhost/private/backups/20241104_180002-library_localhost-database.sql.gz

Backup Summary for library.localhost at 2024-11-04 18:00:02.301261
Config  : ./library.localhost/private/backups/20241104_180002-library_localhost-site_config_backup.json 94.0B
Database: ./library.localhost/private/backups/20241104_180002-library_localhost-database.sql.gz         284.2KiB
Backup for Site library.localhost has been successfully completed
